<?xml version="1.0" encoding="UTF-8"?>
<testng-results skipped="0" failed="0" total="2" passed="2">
  <reporter-output>
  </reporter-output>
  <suite name="SmokeTest" duration-ms="35572" started-at="2015-06-15T07:10:47Z" finished-at="2015-06-15T07:11:23Z">
    <groups>
      <group name="logintest">
        <method signature="LoginTest.checkoutTest(java.lang.String)[pri:0, instance:LoginTest@f508f8]" name="checkoutTest" class="LoginTest"/>
      </group> <!-- logintest -->
      <group name="searchtest">
        <method signature="SearchTest.checkoutTest(java.lang.String)[pri:0, instance:SearchTest@51e7c4d4]" name="checkoutTest" class="SearchTest"/>
      </group> <!-- searchtest -->
    </groups>
    <test name="TestSet_Search" duration-ms="15113" started-at="2015-06-15T07:10:47Z" finished-at="2015-06-15T07:11:02Z">
      <class name="SearchTest">
        <test-method status="PASS" signature="checkoutTest(java.lang.String)[pri:0, instance:SearchTest@51e7c4d4]" name="checkoutTest" duration-ms="15103" started-at="2015-06-15T04:10:47Z" finished-at="2015-06-15T04:11:02Z">
          <params>
            <param index="0">
              <value>
                <![CDATA[firefox]]>
              </value>
            </param>
          </params>
          <reporter-output>
          </reporter-output>
        </test-method> <!-- checkoutTest -->
      </class> <!-- SearchTest -->
    </test> <!-- TestSet_Search -->
    <test name="TestSet_Login" duration-ms="20444" started-at="2015-06-15T07:11:02Z" finished-at="2015-06-15T07:11:23Z">
      <class name="LoginTest">
        <test-method status="PASS" signature="checkoutTest(java.lang.String)[pri:0, instance:LoginTest@f508f8]" name="checkoutTest" duration-ms="20443" started-at="2015-06-15T04:11:02Z" finished-at="2015-06-15T04:11:23Z">
          <params>
            <param index="0">
              <value>
                <![CDATA[firefox]]>
              </value>
            </param>
          </params>
          <reporter-output>
          </reporter-output>
        </test-method> <!-- checkoutTest -->
      </class> <!-- LoginTest -->
    </test> <!-- TestSet_Login -->
  </suite> <!-- SmokeTest -->
</testng-results>
