<?xml version="1.0" encoding="UTF-8"?>
<testsuite name="TestSuite" time="8.487" tests="2" errors="0" skipped="0" failures="2">
  <properties>
[...]
</properties>
  <testcase name="checkoutTest" classname="CheckoutTest" time="8.487">
    <failure message="Error communicating with the remote browser. It may have died.&#10;Build info: version: &apos;2.45.0&apos;, revision: &apos;5017cb8&apos;, time: &apos;2015-02-26 23:59:50&apos;&#10;System info: host: &apos;EPSI_SCCM&apos;, ip: &apos;10.6.209.215&apos;, os.name: &apos;Windows 8&apos;, os.arch: &apos;amd64&apos;, os.version: &apos;6.2&apos;, java.version: &apos;1.7.0_79&apos;&#10;Driver info: driver.version: EventFiringWebDriver&#10;Command duration or timeout: 4.67 seconds&#10;Build info: version: &apos;2.45.0&apos;, revision: &apos;5017cb8e7ca8e37638dc3091b2440b90a1d8686f&apos;, time: &apos;2015-02-27 09:10:26&apos;&#10;System info: host: &apos;EPBYMINW1906&apos;, ip: &apos;10.6.208.30&apos;, os.name: &apos;Windows 7&apos;, os.arch: &apos;amd64&apos;, os.version: &apos;6.1&apos;, java.version: &apos;1.7.0_75&apos;&#10;Session ID: aca6b6cb-e627-4473-90e3-a91e99f80889&#10;Driver info: org.openqa.selenium.remote.RemoteWebDriver&#10;Capabilities [{platform=WINDOWS, javascriptEnabled=true, acceptSslCerts=true, browserName=firefox, rotatable=false, locationContextEnabled=true, webdriver.remote.sessionid=aca6b6cb-e627-4473-90e3-a91e99f80889, version=13.0, databaseEnabled=true, cssSelectorsEnabled=true, handlesAlerts=true, browserConnectionEnabled=true, nativeEvents=false, webStorageEnabled=true, applicationCacheEnabled=true, takesScreenshot=true}]" type="org.openqa.selenium.WebDriverException">org.openqa.selenium.WebDriverException: Error communicating with the remote browser. It may have died.
Build info: version: '2.45.0', revision: '5017cb8', time: '2015-02-26 23:59:50'
System info: host: 'EPSI_SCCM', ip: '10.6.209.215', os.name: 'Windows 8', os.arch: 'amd64', os.version: '6.2', java.version: '1.7.0_79'
Driver info: driver.version: EventFiringWebDriver
Command duration or timeout: 4.67 seconds
Build info: version: '2.45.0', revision: '5017cb8e7ca8e37638dc3091b2440b90a1d8686f', time: '2015-02-27 09:10:26'
System info: host: 'EPBYMINW1906', ip: '10.6.208.30', os.name: 'Windows 7', os.arch: 'amd64', os.version: '6.1', java.version: '1.7.0_75'
Session ID: aca6b6cb-e627-4473-90e3-a91e99f80889
Driver info: org.openqa.selenium.remote.RemoteWebDriver
Capabilities [{platform=WINDOWS, javascriptEnabled=true, acceptSslCerts=true, browserName=firefox, rotatable=false, locationContextEnabled=true, webdriver.remote.sessionid=aca6b6cb-e627-4473-90e3-a91e99f80889, version=13.0, databaseEnabled=true, cssSelectorsEnabled=true, handlesAlerts=true, browserConnectionEnabled=true, nativeEvents=false, webStorageEnabled=true, applicationCacheEnabled=true, takesScreenshot=true}]
	at sun.reflect.NativeConstructorAccessorImpl.newInstance0(Native Method)
	at sun.reflect.NativeConstructorAccessorImpl.newInstance(NativeConstructorAccessorImpl.java:57)
	at sun.reflect.DelegatingConstructorAccessorImpl.newInstance(DelegatingConstructorAccessorImpl.java:45)
	at java.lang.reflect.Constructor.newInstance(Constructor.java:526)
	at org.openqa.selenium.remote.ErrorHandler.createThrowable(ErrorHandler.java:204)
	at org.openqa.selenium.remote.ErrorHandler.throwIfResponseFailed(ErrorHandler.java:156)
	at org.openqa.selenium.remote.RemoteWebDriver.execute(RemoteWebDriver.java:599)
	at org.openqa.selenium.remote.RemoteWebDriver.get(RemoteWebDriver.java:304)
	at CheckoutTest.checkoutTest(CheckoutTest.java:62)
Caused by: org.openqa.selenium.remote.UnreachableBrowserException: Error communicating with the remote browser. It may have died.
Build info: version: '2.45.0', revision: '5017cb8', time: '2015-02-26 23:59:50'
System info: host: 'EPSI_SCCM', ip: '10.6.209.215', os.name: 'Windows 8', os.arch: 'amd64', os.version: '6.2', java.version: '1.7.0_79'
Driver info: driver.version: EventFiringWebDriver
Build info: version: '2.45.0', revision: '5017cb8e7ca8e37638dc3091b2440b90a1d8686f', time: '2015-02-27 09:10:26'
System info: host: 'EPBYMINW1906', ip: '10.6.208.30', os.name: 'Windows 7', os.arch: 'amd64', os.version: '6.1', java.version: '1.7.0_75'
Driver info: driver.version: unknown
</failure>
  </testcase>
  <testcase name="checkoutTest" classname="CheckoutTest" time="12.211">
    <failure message="no such window: target window already closed&#10;from unknown error: web view not found&#10;  (Session info: chrome=43.0.2357.124)&#10;  (Driver info: chromedriver=2.9.248315,platform=Windows NT 6.1 x86_64) (WARNING: The server did not provide any stacktrace information)&#10;Command duration or timeout: 0 milliseconds&#10;Build info: version: &apos;2.45.0&apos;, revision: &apos;5017cb8&apos;, time: &apos;2015-02-26 23:59:50&apos;&#10;System info: host: &apos;EPWIN7x64&apos;, ip: &apos;10.6.209.74&apos;, os.name: &apos;Windows 7&apos;, os.arch: &apos;amd64&apos;, os.version: &apos;6.1&apos;, java.version: &apos;1.7.0_79&apos;&#10;*** Element info: {Using=link text, value=Personal Care}&#10;Session ID: 3d014e043f999aaccd8ec1aba495f83a&#10;Driver info: org.openqa.selenium.chrome.ChromeDriver&#10;Capabilities [{platform=XP, acceptSslCerts=true, javascriptEnabled=true, browserName=chrome, chrome={userDataDir=C:\Users\ladmin\AppData\Local\Temp\scoped_dir1876_19371}, rotatable=false, locationContextEnabled=true, version=43.0.2357.124, takesHeapSnapshot=true, cssSelectorsEnabled=true, databaseEnabled=false, handlesAlerts=true, browserConnectionEnabled=false, webStorageEnabled=true, nativeEvents=true, applicationCacheEnabled=false, takesScreenshot=true}]&#10;Command duration or timeout: 705 milliseconds&#10;Build info: version: &apos;2.45.0&apos;, revision: &apos;5017cb8e7ca8e37638dc3091b2440b90a1d8686f&apos;, time: &apos;2015-02-27 09:10:26&apos;&#10;System info: host: &apos;EPBYMINW1906&apos;, ip: &apos;10.6.208.30&apos;, os.name: &apos;Windows 7&apos;, os.arch: &apos;amd64&apos;, os.version: &apos;6.1&apos;, java.version: &apos;1.7.0_75&apos;&#10;*** Element info: {Using=link text, value=Personal Care}&#10;Session ID: a2f456c2-373e-4954-986a-6597c9418a8d&#10;Driver info: org.openqa.selenium.remote.RemoteWebDriver&#10;Capabilities [{platform=XP, acceptSslCerts=true, javascriptEnabled=true, browserName=chrome, chrome={userDataDir=C:\Users\ladmin\AppData\Local\Temp\scoped_dir1876_19371}, rotatable=false, locationContextEnabled=true, webdriver.remote.sessionid=a2f456c2-373e-4954-986a-6597c9418a8d, version=43.0.2357.124, takesHeapSnapshot=true, cssSelectorsEnabled=true, databaseEnabled=false, handlesAlerts=true, browserConnectionEnabled=false, webStorageEnabled=true, nativeEvents=true, applicationCacheEnabled=false, takesScreenshot=true}]" type="org.openqa.selenium.NoSuchWindowException">org.openqa.selenium.NoSuchWindowException: no such window: target window already closed
from unknown error: web view not found
  (Session info: chrome=43.0.2357.124)
  (Driver info: chromedriver=2.9.248315,platform=Windows NT 6.1 x86_64) (WARNING: The server did not provide any stacktrace information)
Command duration or timeout: 0 milliseconds
Build info: version: '2.45.0', revision: '5017cb8', time: '2015-02-26 23:59:50'
System info: host: 'EPWIN7x64', ip: '10.6.209.74', os.name: 'Windows 7', os.arch: 'amd64', os.version: '6.1', java.version: '1.7.0_79'
*** Element info: {Using=link text, value=Personal Care}
Session ID: 3d014e043f999aaccd8ec1aba495f83a
Driver info: org.openqa.selenium.chrome.ChromeDriver
Capabilities [{platform=XP, acceptSslCerts=true, javascriptEnabled=true, browserName=chrome, chrome={userDataDir=C:\Users\ladmin\AppData\Local\Temp\scoped_dir1876_19371}, rotatable=false, locationContextEnabled=true, version=43.0.2357.124, takesHeapSnapshot=true, cssSelectorsEnabled=true, databaseEnabled=false, handlesAlerts=true, browserConnectionEnabled=false, webStorageEnabled=true, nativeEvents=true, applicationCacheEnabled=false, takesScreenshot=true}]
Command duration or timeout: 705 milliseconds
Build info: version: '2.45.0', revision: '5017cb8e7ca8e37638dc3091b2440b90a1d8686f', time: '2015-02-27 09:10:26'
System info: host: 'EPBYMINW1906', ip: '10.6.208.30', os.name: 'Windows 7', os.arch: 'amd64', os.version: '6.1', java.version: '1.7.0_75'
*** Element info: {Using=link text, value=Personal Care}
Session ID: a2f456c2-373e-4954-986a-6597c9418a8d
Driver info: org.openqa.selenium.remote.RemoteWebDriver
Capabilities [{platform=XP, acceptSslCerts=true, javascriptEnabled=true, browserName=chrome, chrome={userDataDir=C:\Users\ladmin\AppData\Local\Temp\scoped_dir1876_19371}, rotatable=false, locationContextEnabled=true, webdriver.remote.sessionid=a2f456c2-373e-4954-986a-6597c9418a8d, version=43.0.2357.124, takesHeapSnapshot=true, cssSelectorsEnabled=true, databaseEnabled=false, handlesAlerts=true, browserConnectionEnabled=false, webStorageEnabled=true, nativeEvents=true, applicationCacheEnabled=false, takesScreenshot=true}]
	at org.openqa.selenium.remote.ErrorHandler.throwIfResponseFailed(ErrorHandler.java:136)
	at org.openqa.selenium.remote.RemoteWebDriver.execute(RemoteWebDriver.java:599)
	at org.openqa.selenium.remote.RemoteWebDriver.findElement(RemoteWebDriver.java:352)
	at org.openqa.selenium.remote.RemoteWebDriver.findElementByLinkText(RemoteWebDriver.java:401)
	at org.openqa.selenium.By$ByLinkText.findElement(By.java:242)
	at org.openqa.selenium.remote.RemoteWebDriver.findElement(RemoteWebDriver.java:344)
	at org.openqa.selenium.support.pagefactory.DefaultElementLocator.findElement(DefaultElementLocator.java:59)
	at org.openqa.selenium.support.pagefactory.internal.LocatingElementHandler.invoke(LocatingElementHandler.java:37)
	at com.sun.proxy.$Proxy5.getCoordinates(Unknown Source)
	at org.openqa.selenium.interactions.internal.MouseAction.getActionLocation(MouseAction.java:40)
	at org.openqa.selenium.interactions.MoveMouseAction.perform(MoveMouseAction.java:35)
	at org.openqa.selenium.interactions.CompositeAction.perform(CompositeAction.java:31)
	at pages.HomePage.openSubcategoryBathing(HomePage.java:39)
	at CheckoutTest.checkoutTest(CheckoutTest.java:75)
Caused by: org.openqa.selenium.NoSuchWindowException: no such window: target window already closed
from unknown error: web view not found
  (Session info: chrome=43.0.2357.124)
  (Driver info: chromedriver=2.9.248315,platform=Windows NT 6.1 x86_64) (WARNING: The server did not provide any stacktrace information)
Command duration or timeout: 0 milliseconds
Build info: version: '2.45.0', revision: '5017cb8', time: '2015-02-26 23:59:50'
System info: host: 'EPWIN7x64', ip: '10.6.209.74', os.name: 'Windows 7', os.arch: 'amd64', os.version: '6.1', java.version: '1.7.0_79'
*** Element info: {Using=link text, value=Personal Care}
Session ID: 3d014e043f999aaccd8ec1aba495f83a
Driver info: org.openqa.selenium.chrome.ChromeDriver
Capabilities [{platform=XP, acceptSslCerts=true, javascriptEnabled=true, browserName=chrome, chrome={userDataDir=C:\Users\ladmin\AppData\Local\Temp\scoped_dir1876_19371}, rotatable=false, locationContextEnabled=true, version=43.0.2357.124, takesHeapSnapshot=true, cssSelectorsEnabled=true, databaseEnabled=false, handlesAlerts=true, browserConnectionEnabled=false, webStorageEnabled=true, nativeEvents=true, applicationCacheEnabled=false, takesScreenshot=true}]
Build info: version: '2.45.0', revision: '5017cb8e7ca8e37638dc3091b2440b90a1d8686f', time: '2015-02-27 09:10:26'
System info: host: 'EPBYMINW1906', ip: '10.6.208.30', os.name: 'Windows 7', os.arch: 'amd64', os.version: '6.1', java.version: '1.7.0_75'
Driver info: driver.version: EventFiringWebDriver
	at sun.reflect.NativeConstructorAccessorImpl.newInstance0(Native Method)
	at sun.reflect.NativeConstructorAccessorImpl.newInstance(NativeConstructorAccessorImpl.java:57)
	at sun.reflect.DelegatingConstructorAccessorImpl.newInstance(DelegatingConstructorAccessorImpl.java:45)
	at java.lang.reflect.Constructor.newInstance(Constructor.java:526)
	at org.openqa.selenium.remote.ErrorHandler.createThrowable(ErrorHandler.java:204)
	at org.openqa.selenium.remote.ErrorHandler.throwIfResponseFailed(ErrorHandler.java:156)
	at org.openqa.selenium.remote.RemoteWebDriver.execute(RemoteWebDriver.java:599)
	at org.openqa.selenium.remote.RemoteWebDriver.findElement(RemoteWebDriver.java:352)
	at org.openqa.selenium.remote.RemoteWebDriver.findElementByLinkText(RemoteWebDriver.java:401)
	at org.openqa.selenium.By$ByLinkText.findElement(By.java:242)
	at org.openqa.selenium.remote.RemoteWebDriver.findElement(RemoteWebDriver.java:344)
	at sun.reflect.NativeMethodAccessorImpl.invoke0(Native Method)
	at sun.reflect.NativeMethodAccessorImpl.invoke(NativeMethodAccessorImpl.java:57)
	at sun.reflect.DelegatingMethodAccessorImpl.invoke(DelegatingMethodAccessorImpl.java:43)
	at java.lang.reflect.Method.invoke(Method.java:606)
	at org.openqa.selenium.support.events.EventFiringWebDriver$2.invoke(EventFiringWebDriver.java:101)
	at com.sun.proxy.$Proxy2.findElement(Unknown Source)
	at org.openqa.selenium.support.events.EventFiringWebDriver.findElement(EventFiringWebDriver.java:184)
	at org.openqa.selenium.remote.server.handler.FindElement.call(FindElement.java:47)
	at org.openqa.selenium.remote.server.handler.FindElement.call(FindElement.java:1)
	at java.util.concurrent.FutureTask.run(FutureTask.java:262)
	at org.openqa.selenium.remote.server.DefaultSession$1.run(DefaultSession.java:168)
	at java.util.concurrent.ThreadPoolExecutor.runWorker(ThreadPoolExecutor.java:1145)
	at java.util.concurrent.ThreadPoolExecutor$Worker.run(ThreadPoolExecutor.java:615)
	at java.lang.Thread.run(Thread.java:745)
</failure>
  </testcase>
</testsuite>