<?xml version="1.0" encoding="UTF-8"?>
<testng-results skipped="0" failed="0" total="2" passed="2">
  <reporter-output>
  </reporter-output>
  <suite name="Command line suite" duration-ms="158940" started-at="2015-06-09T08:08:13Z" finished-at="2015-06-09T08:10:52Z">
    <groups>
      <group name="checkouttest">
        <method signature="CheckoutTest.checkoutTest(java.lang.String)[pri:0, instance:CheckoutTest@2c73bfb]" name="checkoutTest" class="CheckoutTest"/>
      </group> <!-- checkouttest -->
    </groups>
    <test name="Command line test" duration-ms="158940" started-at="2015-06-09T08:08:13Z" finished-at="2015-06-09T08:10:52Z">
      <class name="CheckoutTest">
        <test-method status="PASS" signature="checkoutTest(java.lang.String)[pri:0, instance:CheckoutTest@2c73bfb]" name="checkoutTest" duration-ms="83644" started-at="2015-06-09T05:08:13Z" data-provider="browserNameData" finished-at="2015-06-09T05:09:37Z">
          <params>
            <param index="0">
              <value>
                <![CDATA[firefox]]>
              </value>
            </param>
          </params>
          <reporter-output>
          </reporter-output>
        </test-method> <!-- checkoutTest -->
        <test-method status="PASS" signature="checkoutTest(java.lang.String)[pri:0, instance:CheckoutTest@2c73bfb]" name="checkoutTest" duration-ms="75029" started-at="2015-06-09T05:09:37Z" data-provider="browserNameData" finished-at="2015-06-09T05:10:52Z">
          <params>
            <param index="0">
              <value>
                <![CDATA[firefox]]>
              </value>
            </param>
          </params>
          <reporter-output>
          </reporter-output>
        </test-method> <!-- checkoutTest -->
        <test-method status="PASS" signature="clean()[pri:0, instance:CheckoutTest@2c73bfb]" name="clean" is-config="true" duration-ms="254" started-at="2015-06-09T05:10:52Z" finished-at="2015-06-09T05:10:52Z">
          <reporter-output>
          </reporter-output>
        </test-method> <!-- clean -->
      </class> <!-- CheckoutTest -->
    </test> <!-- Command line test -->
  </suite> <!-- Command line suite -->
</testng-results>
