<?xml version="1.0" encoding="UTF-8"?>
<!-- Generated by org.testng.reporters.JUnitXMLReporter -->
<testsuite hostname="EPBYMINW1906" tests="1" failures="1" timestamp="12 Jun 2015 14:30:45 GMT" time="0.001" errors="0">
  <testcase name="checkoutTest" time="0.0" classname="CheckoutTest">
    <failure type="java.lang.IllegalStateException" message="The driver executable does not exist: D:\resources\chromedriver.exe">
      <![CDATA[java.lang.IllegalStateException: The driver executable does not exist: D:\resources\chromedriver.exe
	at com.google.common.base.Preconditions.checkState(Preconditions.java:197)
	at org.openqa.selenium.remote.service.DriverService.checkExecutable(DriverService.java:122)
	at org.openqa.selenium.remote.service.DriverService$Builder.usingDriverExecutable(DriverService.java:217)
	at CheckoutTest.checkoutTest(CheckoutTest.java:65)
	at java.util.concurrent.Executors$RunnableAdapter.call(Executors.java:471)
	at java.util.concurrent.FutureTask.run(FutureTask.java:262)
	at java.util.concurrent.ThreadPoolExecutor.runWorker(ThreadPoolExecutor.java:1145)
	at java.util.concurrent.ThreadPoolExecutor$Worker.run(ThreadPoolExecutor.java:615)
	at java.lang.Thread.run(Thread.java:745)
... Removed 7 stack frames]]>
    </failure>
  </testcase> <!-- checkoutTest -->
</testsuite>
