<?xml version="1.0" encoding="UTF-8"?>
<!-- Generated by org.testng.reporters.JUnitXMLReporter -->
<testsuite hostname="EPBYMINW1906" name="TestSet" tests="1" failures="1" timestamp="2 Jun 2015 10:09:49 GMT" time="9.552" errors="0">
  <testcase name="checkoutTest" time="0.033" classname="tests.CheckoutTest">
    <failure type="java.lang.ClassCastException" message="decorator.Decorator cannot be cast to org.openqa.selenium.interactions.HasInputDevices">
      <![CDATA[java.lang.ClassCastException: decorator.Decorator cannot be cast to org.openqa.selenium.interactions.HasInputDevices
	at org.openqa.selenium.interactions.Actions.<init>(Actions.java:41)
	at pages.HomePage.openSubcategoryBathing(HomePage.java:39)
	at tests.CheckoutTest.checkoutTest(CheckoutTest.java:80)
	at java.util.concurrent.Executors$RunnableAdapter.call(Executors.java:471)
	at java.util.concurrent.FutureTask.run(FutureTask.java:262)
	at java.util.concurrent.ThreadPoolExecutor.runWorker(ThreadPoolExecutor.java:1145)
	at java.util.concurrent.ThreadPoolExecutor$Worker.run(ThreadPoolExecutor.java:615)
	at java.lang.Thread.run(Thread.java:745)
... Removed 7 stack frames]]>
    </failure>
  </testcase> <!-- checkoutTest -->
</testsuite> <!-- TestSet -->
