<?xml version="1.0" encoding="UTF-8"?>
<testsuite hostname="EPBYMINW1906" tests="1" failures="1" timestamp="4 May 2015 07:36:31 GMT" time="0.016" errors="0">
  <testcase name="prepareFileTest" time="0.008" classname="FileCheckerTest">
    <failure type="java.lang.AssertionError" message="Txt file is changed expected:&amp;lt;181&amp;gt; but was:&amp;lt;180&amp;gt;">
      <![CDATA[java.lang.AssertionError: Txt file is changed expected:<181> but was:<180>
	at FileCheckerTest.prepareFileTest(FileCheckerTest.java:33)
	at TestRunner.main(TestRunner.java:21)
	at com.intellij.rt.execution.application.AppMain.main(AppMain.java:140)
... Removed 30 stack frames]]>
    </failure>
  </testcase>
</testsuite>
