<?xml version="1.0" encoding="UTF-8"?>
<testsuite hostname="EPBYMINW1906" tests="1" failures="1" timestamp="27 Apr 2015 09:34:44 GMT" time="0.005" errors="0">
  <testcase name="readAllTest" time="0.004" classname="ReaderTest">
    <failure type="java.lang.AssertionError" message="readAllTest expected:&amp;lt;Id: 3, Type: Cruise, Food: Breakfast, Transport: Azura, Duration: 30, Price: 550000.0; Countries: [Hawaii,Caribbean,Bahamas]&amp;gt; but was:&amp;lt;Id: 3, Type: Cruise, Food: Breakfast, Transport: Azura, Duration: 30, Price: 550000.0; Countries: [Hawaii, Caribbean, Bahamas]&amp;gt;">
      <![CDATA[java.lang.AssertionError: readAllTest expected:<Id: 3, Type: Cruise, Food: Breakfast, Transport: Azura, Duration: 30, Price: 550000.0; Countries: [Hawaii,Caribbean,Bahamas]> but was:<Id: 3, Type: Cruise, Food: Breakfast, Transport: Azura, Duration: 30, Price: 550000.0; Countries: [Hawaii, Caribbean, Bahamas]>
	at ReaderTest.readAllTest(ReaderTest.java:20)
	at TestRunner.main(TestRunner.java:21)
	at com.intellij.rt.execution.application.AppMain.main(AppMain.java:140)
... Removed 30 stack frames]]>
    </failure>
  </testcase>
</testsuite>
