<?xml version="1.0" encoding="UTF-8"?>
<testsuite hostname="EPBYMINW1906" tests="1" failures="1" timestamp="4 May 2015 07:36:31 GMT" time="0.004" errors="0">
  <testcase name="sortByDescTypeTest" time="0.003" classname="SorterTest">
    <failure type="java.lang.NullPointerException">
      <![CDATA[java.lang.NullPointerException
	at com.epam.cdp.byta2015.tourist.services.Sorter.sort(Sorter.java:12)
	at SorterTest.sortByDescTypeTest(SorterTest.java:26)
	at TestRunner.main(TestRunner.java:21)
	at com.intellij.rt.execution.application.AppMain.main(AppMain.java:140)
... Removed 26 stack frames]]>
    </failure>
  </testcase>
</testsuite>
