<?xml version="1.0" encoding="UTF-8"?>
<testsuite hostname="EPBYMINW1906" tests="1" failures="1" timestamp="27 Apr 2015 09:34:44 GMT" time="0.001" errors="0">
  <testcase name="sortByFoodTest" time="0.0" classname="SorterTest">
    <failure type="java.lang.NullPointerException">
      <![CDATA[java.lang.NullPointerException
	at com.epam.cdp.byta2015.tourist.services.Sorter.sort(Sorter.java:12)
	at SorterTest.sortByFoodTest(SorterTest.java:82)
	at TestRunner.main(TestRunner.java:21)
	at com.intellij.rt.execution.application.AppMain.main(AppMain.java:140)
... Removed 26 stack frames]]>
    </failure>
  </testcase>
</testsuite>
