<?xml version="1.0" encoding="UTF-8" ?>
<testsuite failures="0" time="102.443" errors="0" skipped="0" tests="12" name="com.nbty.jbehave.AcceptanceTestSuite">
  <properties>
[...]
</properties>
  <testcase time="0.005" classname="java.lang.Object" name="BeforeStories"/>
  <testcase time="25.628" classname="com.nbty.jbehave.DefinitionSteps" name="Given I am on Home page"/>
  <testcase time="19.14" classname="com.nbty.jbehave.DefinitionSteps" name="When searching the product by name"/>
  <testcase time="6.29" classname="com.nbty.jbehave.DefinitionSteps" name="Then I see the desired products on Search results page"/>
  <testcase time="6.41" classname="Scenario: |SC01| Customer can find the product by name." name="Scenario: |SC01| Customer can find the product by name."/>
  <testcase time="6.81" classname="Search.story" name="Search.story"/>
  <testcase time="19.071" classname="com.nbty.jbehave.DefinitionSteps" name="Given I am on Login page"/>
  <testcase time="14.581" classname="com.nbty.jbehave.DefinitionSteps" name="When Passing successfull authentivation"/>
  <testcase time="6.527" classname="com.nbty.jbehave.DefinitionSteps" name="Then I get My Account: Account overview page with logged in status"/>
  <testcase time="6.537" classname="Scenario: |SC01| Customer can log in to his account." name="Scenario: |SC01| Customer can log in to his account."/>
  <testcase time="6.757" classname="Login.story" name="Login.story"/>
  <testcase time="3.13" classname="java.lang.Object" name="AfterStories"/>
</testsuite>