<?xml version="1.0" encoding="UTF-8"?>
<testng-results skipped="0" failed="0" total="12" passed="12">
  <reporter-output>
  </reporter-output>
  <suite name="FileCheckerSuite" duration-ms="74" started-at="2015-05-04T11:53:56Z" finished-at="2015-05-04T11:53:56Z">
    <groups>
    </groups>
    <test name="SortByPriceTest" duration-ms="1" started-at="2015-05-04T11:53:56Z" finished-at="2015-05-04T11:53:56Z">
      <class name="SorterTest">
        <test-method status="PASS" signature="sortByTest(int)" name="sortByTest" duration-ms="0" started-at="2015-05-04T11:53:56Z" finished-at="2015-05-04T11:53:56Z">
          <params>
            <param index="0">
              <value>
                <![CDATA[4]]>
              </value>
            </param>
          </params>
        </test-method>
      </class>
      <class name="FileCheckerTest">
        <test-method status="PASS" signature="prepareFileTest()" name="prepareFileTest" is-config="true" duration-ms="20" started-at="2015-05-04T11:53:56Z" finished-at="2015-05-04T11:53:56Z">
        </test-method>
        <test-method status="PASS" signature="readAllTest()" name="readAllTest" is-config="true" duration-ms="5" started-at="2015-05-04T11:53:56Z" finished-at="2015-05-04T11:53:56Z">
        </test-method>
      </class>
    </test>
    <test name="FileChecker" duration-ms="7" started-at="2015-05-04T11:53:56Z" finished-at="2015-05-04T11:53:56Z">
      <class name="FileCheckerTest">
        <test-method status="PASS" signature="prepareFileTest()" name="prepareFileTest" duration-ms="2" started-at="2015-05-04T11:53:56Z" finished-at="2015-05-04T11:53:56Z">
        </test-method>
      </class>
    </test>
    <test name="SortByFoodTest" duration-ms="1" started-at="2015-05-04T11:53:56Z" finished-at="2015-05-04T11:53:56Z">
      <class name="SorterTest">
        <test-method status="PASS" signature="sortByTest(int)" name="sortByTest" duration-ms="0" started-at="2015-05-04T11:53:56Z" finished-at="2015-05-04T11:53:56Z">
          <params>
            <param index="0">
              <value>
                <![CDATA[2]]>
              </value>
            </param>
          </params>
        </test-method>
      </class>
    </test>
    <test name="Reader" duration-ms="2" started-at="2015-05-04T11:53:56Z" finished-at="2015-05-04T11:53:56Z">
      <class name="ReaderTest">
        <test-method status="PASS" signature="readAllTest()" name="readAllTest" duration-ms="1" started-at="2015-05-04T11:53:56Z" finished-at="2015-05-04T11:53:56Z">
        </test-method>
      </class>
    </test>
    <test name="Finder" duration-ms="12" started-at="2015-05-04T11:53:56Z" finished-at="2015-05-04T11:53:56Z">
      <class name="FinderTest">
        <test-method status="PASS" signature="findByDescTypeTest(java.util.ArrayList)" name="findByDescTypeTest" duration-ms="1" started-at="2015-05-04T11:53:56Z" finished-at="2015-05-04T11:53:56Z">
          <params>
            <param index="0">
              <value>
                <![CDATA[[com.epam.cdp.byta2015.tourist.model.Shopping@6167a256, com.epam.cdp.byta2015.tourist.model.Shopping@5ad2ee0f, com.epam.cdp.byta2015.tourist.model.Cruise@4e0b495e, com.epam.cdp.byta2015.tourist.model.Cruise@46fde259, com.epam.cdp.byta2015.tourist.model.Excursion@46176578, com.epam.cdp.byta2015.tourist.model.Excursion@2a06cd3b]]]>
              </value>
            </param>
          </params>
        </test-method>
        <test-method status="PASS" signature="findByFoodTest(java.util.ArrayList)" name="findByFoodTest" duration-ms="0" started-at="2015-05-04T11:53:56Z" finished-at="2015-05-04T11:53:56Z">
          <params>
            <param index="0">
              <value>
                <![CDATA[[com.epam.cdp.byta2015.tourist.model.Shopping@248bf20b, com.epam.cdp.byta2015.tourist.model.Shopping@5fbfc2eb, com.epam.cdp.byta2015.tourist.model.Cruise@26960369, com.epam.cdp.byta2015.tourist.model.Cruise@42b9f649, com.epam.cdp.byta2015.tourist.model.Excursion@3ed854d8, com.epam.cdp.byta2015.tourist.model.Excursion@6caa5123]]]>
              </value>
            </param>
          </params>
        </test-method>
        <test-method status="PASS" signature="findByPriceExceptionTest(java.util.ArrayList)" name="findByPriceExceptionTest" duration-ms="0" started-at="2015-05-04T11:53:56Z" finished-at="2015-05-04T11:53:56Z">
          <params>
            <param index="0">
              <value>
                <![CDATA[[com.epam.cdp.byta2015.tourist.model.Shopping@21b50891, com.epam.cdp.byta2015.tourist.model.Shopping@744578e0, com.epam.cdp.byta2015.tourist.model.Cruise@7d02f5c2, com.epam.cdp.byta2015.tourist.model.Cruise@4d54d3ac, com.epam.cdp.byta2015.tourist.model.Excursion@7c14e8dd, com.epam.cdp.byta2015.tourist.model.Excursion@40c444cf]]]>
              </value>
            </param>
          </params>
          <exception class="com.epam.cdp.byta2015.tourist.exceptions.FindByPriceException">
            <message>
              <![CDATA[[FindByTypeException]: There are not records with price ='777'!]]>
            </message>
            <full-stacktrace>
              <![CDATA[com.epam.cdp.byta2015.tourist.exceptions.FindByPriceException: [FindByTypeException]: There are not records with price ='777'!
	at com.epam.cdp.byta2015.tourist.services.Finder.findByPrice(Finder.java:122)
	at FinderTest.findByPriceExceptionTest(FinderTest.java:211)
	at sun.reflect.NativeMethodAccessorImpl.invoke0(Native Method)
	at sun.reflect.NativeMethodAccessorImpl.invoke(NativeMethodAccessorImpl.java:57)
	at sun.reflect.DelegatingMethodAccessorImpl.invoke(DelegatingMethodAccessorImpl.java:43)
	at java.lang.reflect.Method.invoke(Method.java:606)
	at org.testng.internal.MethodInvocationHelper.invokeMethod(MethodInvocationHelper.java:74)
	at org.testng.internal.Invoker.invokeMethod(Invoker.java:673)
	at org.testng.internal.Invoker.invokeTestMethod(Invoker.java:846)
	at org.testng.internal.Invoker.invokeTestMethods(Invoker.java:1170)
	at org.testng.internal.TestMethodWorker.invokeTestMethods(TestMethodWorker.java:125)
	at org.testng.internal.TestMethodWorker.run(TestMethodWorker.java:109)
	at org.testng.TestRunner.runWorkers(TestRunner.java:1147)
	at org.testng.TestRunner.privateRun(TestRunner.java:749)
	at org.testng.TestRunner.run(TestRunner.java:600)
	at org.testng.SuiteRunner.runTest(SuiteRunner.java:317)
	at org.testng.SuiteRunner.runSequentially(SuiteRunner.java:312)
	at org.testng.SuiteRunner.privateRun(SuiteRunner.java:274)
	at org.testng.SuiteRunner.run(SuiteRunner.java:223)
	at org.testng.SuiteRunnerWorker.runSuite(SuiteRunnerWorker.java:52)
	at org.testng.SuiteRunnerWorker.run(SuiteRunnerWorker.java:86)
	at org.testng.TestNG.runSuitesSequentially(TestNG.java:1039)
	at org.testng.TestNG.runSuitesLocally(TestNG.java:964)
	at org.testng.TestNG.run(TestNG.java:900)
	at TestRunner.main(TestRunner.java:21)
]]>
            </full-stacktrace>
          </exception>
        </test-method>
        <test-method status="PASS" signature="findByPriceTest(java.util.ArrayList)" name="findByPriceTest" duration-ms="0" started-at="2015-05-04T11:53:56Z" finished-at="2015-05-04T11:53:56Z">
          <params>
            <param index="0">
              <value>
                <![CDATA[[com.epam.cdp.byta2015.tourist.model.Shopping@25aa370b, com.epam.cdp.byta2015.tourist.model.Shopping@4a03c67e, com.epam.cdp.byta2015.tourist.model.Cruise@3ddca028, com.epam.cdp.byta2015.tourist.model.Cruise@5f96c1d2, com.epam.cdp.byta2015.tourist.model.Excursion@228ef305, com.epam.cdp.byta2015.tourist.model.Excursion@56f4defc]]]>
              </value>
            </param>
          </params>
        </test-method>
        <test-method status="PASS" signature="findByTransportTest(java.util.ArrayList)" name="findByTransportTest" duration-ms="0" started-at="2015-05-04T11:53:56Z" finished-at="2015-05-04T11:53:56Z">
          <params>
            <param index="0">
              <value>
                <![CDATA[[com.epam.cdp.byta2015.tourist.model.Shopping@665b9efd, com.epam.cdp.byta2015.tourist.model.Shopping@923288b, com.epam.cdp.byta2015.tourist.model.Cruise@633ac25c, com.epam.cdp.byta2015.tourist.model.Cruise@26ae58e9, com.epam.cdp.byta2015.tourist.model.Excursion@4f3cd6, com.epam.cdp.byta2015.tourist.model.Excursion@522305c2]]]>
              </value>
            </param>
          </params>
        </test-method>
        <test-method status="PASS" signature="findTours(java.util.ArrayList)" name="findTours" duration-ms="0" started-at="2015-05-04T11:53:56Z" finished-at="2015-05-04T11:53:56Z">
          <params>
            <param index="0">
              <value>
                <![CDATA[[com.epam.cdp.byta2015.tourist.model.Shopping@794f2dae, com.epam.cdp.byta2015.tourist.model.Shopping@3d4038ba, com.epam.cdp.byta2015.tourist.model.Cruise@434c5ac0, com.epam.cdp.byta2015.tourist.model.Cruise@49da15c4, com.epam.cdp.byta2015.tourist.model.Excursion@ccb1cbd, com.epam.cdp.byta2015.tourist.model.Excursion@6acbc2da]]]>
              </value>
            </param>
          </params>
        </test-method>
      </class>
    </test>
    <test name="SortByDescTypeTest" duration-ms="5" started-at="2015-05-04T11:53:56Z" finished-at="2015-05-04T11:53:56Z">
      <class name="SorterTest">
        <test-method status="PASS" signature="sortByTest(int)" name="sortByTest" duration-ms="3" started-at="2015-05-04T11:53:56Z" finished-at="2015-05-04T11:53:56Z">
          <params>
            <param index="0">
              <value>
                <![CDATA[1]]>
              </value>
            </param>
          </params>
        </test-method>
      </class>
    </test>
    <test name="SortByTransportTest" duration-ms="2" started-at="2015-05-04T11:53:56Z" finished-at="2015-05-04T11:53:56Z">
      <class name="SorterTest">
        <test-method status="PASS" signature="sortByTest(int)" name="sortByTest" duration-ms="1" started-at="2015-05-04T11:53:56Z" finished-at="2015-05-04T11:53:56Z">
          <params>
            <param index="0">
              <value>
                <![CDATA[3]]>
              </value>
            </param>
          </params>
        </test-method>
      </class>
    </test>
  </suite>
</testng-results>
