<?xml version="1.0" encoding="UTF-8"?>
<testng-results skipped="1" failed="0" total="9" passed="8">
  <reporter-output>
  </reporter-output>
  <suite name="Command line suite" duration-ms="44" started-at="2015-05-05T08:48:56Z" finished-at="2015-05-05T08:48:56Z">
    <groups>
      <group name="reader">
        <method signature="ReaderTest.readAllTest()[pri:0, instance:ReaderTest@7b277da2]" name="readAllTest" class="ReaderTest"/>
      </group> <!-- reader -->
      <group name="sorter">
        <method signature="SorterTest.sortByTest(int)[pri:0, instance:SorterTest@1d914a39]" name="sortByTest" class="SorterTest"/>
      </group> <!-- sorter -->
      <group name="finder">
        <method signature="FinderTest.findByDescTypeTest(java.util.ArrayList)[pri:0, instance:FinderTest@58bead4f]" name="findByDescTypeTest" class="FinderTest"/>
        <method signature="FinderTest.findByFoodTest(java.util.ArrayList)[pri:0, instance:FinderTest@58bead4f]" name="findByFoodTest" class="FinderTest"/>
        <method signature="FinderTest.findByPriceExceptionTest(java.util.ArrayList)[pri:0, instance:FinderTest@58bead4f]" name="findByPriceExceptionTest" class="FinderTest"/>
        <method signature="FinderTest.findByPriceTest(java.util.ArrayList)[pri:0, instance:FinderTest@58bead4f]" name="findByPriceTest" class="FinderTest"/>
        <method signature="FinderTest.findByTransportTest(java.util.ArrayList)[pri:0, instance:FinderTest@58bead4f]" name="findByTransportTest" class="FinderTest"/>
        <method signature="FinderTest.findTours(java.util.ArrayList)[pri:0, instance:FinderTest@58bead4f]" name="findTours" class="FinderTest"/>
      </group> <!-- finder -->
      <group name="checker">
        <method signature="FileCheckerTest.prepareFileTest()[pri:0, instance:FileCheckerTest@4e644b0d]" name="prepareFileTest" class="FileCheckerTest"/>
      </group> <!-- checker -->
    </groups>
    <test name="Command line test" duration-ms="44" started-at="2015-05-05T08:48:56Z" finished-at="2015-05-05T08:48:56Z">
      <class name="FinderTest">
        <test-method status="PASS" signature="findByDescTypeTest(java.util.ArrayList)[pri:0, instance:FinderTest@58bead4f]" name="findByDescTypeTest" duration-ms="1" depends-on-groups="reader" started-at="2015-05-05T05:48:56Z" data-provider="findByData" finished-at="2015-05-05T05:48:56Z">
          <params>
            <param index="0">
              <value>
                <![CDATA[[com.epam.cdp.byta2015.tourist.model.Shopping@541114e8, com.epam.cdp.byta2015.tourist.model.Shopping@2d73b676, com.epam.cdp.byta2015.tourist.model.Cruise@7d0144a, com.epam.cdp.byta2015.tourist.model.Cruise@6de40a47, com.epam.cdp.byta2015.tourist.model.Excursion@165ef3ae, com.epam.cdp.byta2015.tourist.model.Excursion@33d02ffb]]]>
              </value>
            </param>
          </params>
          <reporter-output>
          </reporter-output>
        </test-method> <!-- findByDescTypeTest -->
        <test-method status="PASS" signature="findByFoodTest(java.util.ArrayList)[pri:0, instance:FinderTest@58bead4f]" name="findByFoodTest" duration-ms="0" depends-on-groups="reader" started-at="2015-05-05T05:48:56Z" data-provider="findByData" finished-at="2015-05-05T05:48:56Z">
          <params>
            <param index="0">
              <value>
                <![CDATA[[com.epam.cdp.byta2015.tourist.model.Shopping@28fe2250, com.epam.cdp.byta2015.tourist.model.Shopping@447ec736, com.epam.cdp.byta2015.tourist.model.Cruise@5f48cd5b, com.epam.cdp.byta2015.tourist.model.Cruise@24a2423c, com.epam.cdp.byta2015.tourist.model.Excursion@18aa83ee, com.epam.cdp.byta2015.tourist.model.Excursion@62bb8ae8]]]>
              </value>
            </param>
          </params>
          <reporter-output>
          </reporter-output>
        </test-method> <!-- findByFoodTest -->
        <test-method status="PASS" signature="findByPriceExceptionTest(java.util.ArrayList)[pri:0, instance:FinderTest@58bead4f]" name="findByPriceExceptionTest" duration-ms="0" depends-on-groups="reader" started-at="2015-05-05T05:48:56Z" data-provider="findByData" finished-at="2015-05-05T05:48:56Z">
          <params>
            <param index="0">
              <value>
                <![CDATA[[com.epam.cdp.byta2015.tourist.model.Shopping@69cb7fc, com.epam.cdp.byta2015.tourist.model.Shopping@1af304c8, com.epam.cdp.byta2015.tourist.model.Cruise@48bef44a, com.epam.cdp.byta2015.tourist.model.Cruise@70984b95, com.epam.cdp.byta2015.tourist.model.Excursion@1e8a5cf3, com.epam.cdp.byta2015.tourist.model.Excursion@ddc652f]]]>
              </value>
            </param>
          </params>
          <exception class="com.epam.cdp.byta2015.tourist.exceptions.FindByPriceException">
            <message>
              <![CDATA[[FindByTypeException]: There are not records with price ='777'!]]>
            </message>
            <full-stacktrace>
              <![CDATA[com.epam.cdp.byta2015.tourist.exceptions.FindByPriceException: [FindByTypeException]: There are not records with price ='777'!
	at com.epam.cdp.byta2015.tourist.services.Finder.findByPrice(Finder.java:122)
	at FinderTest.findByPriceExceptionTest(FinderTest.java:212)
	at sun.reflect.NativeMethodAccessorImpl.invoke0(Native Method)
	at sun.reflect.NativeMethodAccessorImpl.invoke(NativeMethodAccessorImpl.java:57)
	at sun.reflect.DelegatingMethodAccessorImpl.invoke(DelegatingMethodAccessorImpl.java:43)
	at java.lang.reflect.Method.invoke(Method.java:606)
	at org.testng.internal.MethodInvocationHelper.invokeMethod(MethodInvocationHelper.java:85)
	at org.testng.internal.Invoker.invokeMethod(Invoker.java:696)
	at org.testng.internal.Invoker.invokeTestMethod(Invoker.java:882)
	at org.testng.internal.Invoker.invokeTestMethods(Invoker.java:1189)
	at org.testng.internal.TestMethodWorker.invokeTestMethods(TestMethodWorker.java:124)
	at org.testng.internal.TestMethodWorker.run(TestMethodWorker.java:108)
	at org.testng.TestRunner.privateRun(TestRunner.java:767)
	at org.testng.TestRunner.run(TestRunner.java:617)
	at org.testng.SuiteRunner.runTest(SuiteRunner.java:348)
	at org.testng.SuiteRunner.runSequentially(SuiteRunner.java:343)
	at org.testng.SuiteRunner.privateRun(SuiteRunner.java:305)
	at org.testng.SuiteRunner.run(SuiteRunner.java:254)
	at org.testng.SuiteRunnerWorker.runSuite(SuiteRunnerWorker.java:52)
	at org.testng.SuiteRunnerWorker.run(SuiteRunnerWorker.java:86)
	at org.testng.TestNG.runSuitesSequentially(TestNG.java:1224)
	at org.testng.TestNG.runSuitesLocally(TestNG.java:1149)
	at org.testng.TestNG.run(TestNG.java:1057)
	at org.apache.maven.surefire.testng.TestNGExecutor.run(TestNGExecutor.java:70)
	at org.apache.maven.surefire.testng.TestNGDirectoryTestSuite.executeMulti(TestNGDirectoryTestSuite.java:158)
	at org.apache.maven.surefire.testng.TestNGDirectoryTestSuite.execute(TestNGDirectoryTestSuite.java:98)
	at org.apache.maven.surefire.testng.TestNGProvider.invoke(TestNGProvider.java:111)
	at sun.reflect.NativeMethodAccessorImpl.invoke0(Native Method)
	at sun.reflect.NativeMethodAccessorImpl.invoke(NativeMethodAccessorImpl.java:57)
	at sun.reflect.DelegatingMethodAccessorImpl.invoke(DelegatingMethodAccessorImpl.java:43)
	at java.lang.reflect.Method.invoke(Method.java:606)
	at org.apache.maven.surefire.util.ReflectionUtils.invokeMethodWithArray(ReflectionUtils.java:164)
	at org.apache.maven.surefire.booter.ProviderFactory$ProviderProxy.invoke(ProviderFactory.java:110)
	at org.apache.maven.surefire.booter.SurefireStarter.invokeProvider(SurefireStarter.java:175)
	at org.apache.maven.surefire.booter.SurefireStarter.runSuitesInProcessWhenForked(SurefireStarter.java:107)
	at org.apache.maven.surefire.booter.ForkedBooter.main(ForkedBooter.java:68)
]]>
            </full-stacktrace>
          </exception> <!-- com.epam.cdp.byta2015.tourist.exceptions.FindByPriceException -->
          <reporter-output>
          </reporter-output>
        </test-method> <!-- findByPriceExceptionTest -->
        <test-method status="PASS" signature="findByPriceTest(java.util.ArrayList)[pri:0, instance:FinderTest@58bead4f]" name="findByPriceTest" duration-ms="0" depends-on-groups="reader" started-at="2015-05-05T05:48:56Z" data-provider="findByData" finished-at="2015-05-05T05:48:56Z">
          <params>
            <param index="0">
              <value>
                <![CDATA[[com.epam.cdp.byta2015.tourist.model.Shopping@4a1c5fd5, com.epam.cdp.byta2015.tourist.model.Shopping@cd7bef6, com.epam.cdp.byta2015.tourist.model.Cruise@283a0f10, com.epam.cdp.byta2015.tourist.model.Cruise@7bb2f811, com.epam.cdp.byta2015.tourist.model.Excursion@22bc6389, com.epam.cdp.byta2015.tourist.model.Excursion@7e2ac92f]]]>
              </value>
            </param>
          </params>
          <reporter-output>
          </reporter-output>
        </test-method> <!-- findByPriceTest -->
        <test-method status="PASS" signature="findByTransportTest(java.util.ArrayList)[pri:0, instance:FinderTest@58bead4f]" name="findByTransportTest" duration-ms="0" depends-on-groups="reader" started-at="2015-05-05T05:48:56Z" data-provider="findByData" finished-at="2015-05-05T05:48:56Z">
          <params>
            <param index="0">
              <value>
                <![CDATA[[com.epam.cdp.byta2015.tourist.model.Shopping@2afe6d5f, com.epam.cdp.byta2015.tourist.model.Shopping@25be8e06, com.epam.cdp.byta2015.tourist.model.Cruise@15e3f46, com.epam.cdp.byta2015.tourist.model.Cruise@528c0d5d, com.epam.cdp.byta2015.tourist.model.Excursion@68c17f01, com.epam.cdp.byta2015.tourist.model.Excursion@77795061]]]>
              </value>
            </param>
          </params>
          <reporter-output>
          </reporter-output>
        </test-method> <!-- findByTransportTest -->
        <test-method status="PASS" signature="findTours(java.util.ArrayList)[pri:0, instance:FinderTest@58bead4f]" name="findTours" duration-ms="0" depends-on-groups="reader" started-at="2015-05-05T05:48:56Z" data-provider="findByData" finished-at="2015-05-05T05:48:56Z">
          <params>
            <param index="0">
              <value>
                <![CDATA[[com.epam.cdp.byta2015.tourist.model.Shopping@3d8c4d8e, com.epam.cdp.byta2015.tourist.model.Shopping@4637c533, com.epam.cdp.byta2015.tourist.model.Cruise@7773bb48, com.epam.cdp.byta2015.tourist.model.Cruise@4f0cb13c, com.epam.cdp.byta2015.tourist.model.Excursion@4a4802af, com.epam.cdp.byta2015.tourist.model.Excursion@3da85542]]]>
              </value>
            </param>
          </params>
          <reporter-output>
          </reporter-output>
        </test-method> <!-- findTours -->
      </class> <!-- FinderTest -->
      <class name="SorterTest">
        <test-method status="SKIP" signature="sortByTest(int)[pri:0, instance:SorterTest@1d914a39]" name="sortByTest" duration-ms="0" depends-on-groups="reader" started-at="2015-05-05T05:48:56Z" finished-at="2015-05-05T05:48:56Z">
          <exception class="org.testng.TestNGException">
            <message>
              <![CDATA[
Parameter 'sortParam' is required by @Test on method sortByTest but has not been marked @Optional or defined
]]>
            </message>
            <full-stacktrace>
              <![CDATA[org.testng.TestNGException: 
Parameter 'sortParam' is required by @Test on method sortByTest but has not been marked @Optional or defined

	at org.testng.internal.Parameters.createParameters(Parameters.java:156)
	at org.testng.internal.Parameters.createParameters(Parameters.java:362)
	at org.testng.internal.Parameters.handleParameters(Parameters.java:452)
	at org.testng.internal.Invoker.handleParameters(Invoker.java:1335)
	at org.testng.internal.Invoker.createParameters(Invoker.java:1051)
	at org.testng.internal.Invoker.invokeTestMethods(Invoker.java:1140)
	at org.testng.internal.TestMethodWorker.invokeTestMethods(TestMethodWorker.java:124)
	at org.testng.internal.TestMethodWorker.run(TestMethodWorker.java:108)
	at org.testng.TestRunner.privateRun(TestRunner.java:767)
	at org.testng.TestRunner.run(TestRunner.java:617)
	at org.testng.SuiteRunner.runTest(SuiteRunner.java:348)
	at org.testng.SuiteRunner.runSequentially(SuiteRunner.java:343)
	at org.testng.SuiteRunner.privateRun(SuiteRunner.java:305)
	at org.testng.SuiteRunner.run(SuiteRunner.java:254)
	at org.testng.SuiteRunnerWorker.runSuite(SuiteRunnerWorker.java:52)
	at org.testng.SuiteRunnerWorker.run(SuiteRunnerWorker.java:86)
	at org.testng.TestNG.runSuitesSequentially(TestNG.java:1224)
	at org.testng.TestNG.runSuitesLocally(TestNG.java:1149)
	at org.testng.TestNG.run(TestNG.java:1057)
	at org.apache.maven.surefire.testng.TestNGExecutor.run(TestNGExecutor.java:70)
	at org.apache.maven.surefire.testng.TestNGDirectoryTestSuite.executeMulti(TestNGDirectoryTestSuite.java:158)
	at org.apache.maven.surefire.testng.TestNGDirectoryTestSuite.execute(TestNGDirectoryTestSuite.java:98)
	at org.apache.maven.surefire.testng.TestNGProvider.invoke(TestNGProvider.java:111)
	at sun.reflect.NativeMethodAccessorImpl.invoke0(Native Method)
	at sun.reflect.NativeMethodAccessorImpl.invoke(NativeMethodAccessorImpl.java:57)
	at sun.reflect.DelegatingMethodAccessorImpl.invoke(DelegatingMethodAccessorImpl.java:43)
	at java.lang.reflect.Method.invoke(Method.java:606)
	at org.apache.maven.surefire.util.ReflectionUtils.invokeMethodWithArray(ReflectionUtils.java:164)
	at org.apache.maven.surefire.booter.ProviderFactory$ProviderProxy.invoke(ProviderFactory.java:110)
	at org.apache.maven.surefire.booter.SurefireStarter.invokeProvider(SurefireStarter.java:175)
	at org.apache.maven.surefire.booter.SurefireStarter.runSuitesInProcessWhenForked(SurefireStarter.java:107)
	at org.apache.maven.surefire.booter.ForkedBooter.main(ForkedBooter.java:68)
]]>
            </full-stacktrace>
          </exception> <!-- org.testng.TestNGException -->
          <reporter-output>
          </reporter-output>
        </test-method> <!-- sortByTest -->
      </class> <!-- SorterTest -->
      <class name="FileCheckerTest">
        <test-method status="PASS" signature="prepareFileTest()[pri:0, instance:FileCheckerTest@4e644b0d]" name="prepareFileTest" duration-ms="10" started-at="2015-05-05T05:48:56Z" finished-at="2015-05-05T05:48:56Z">
          <reporter-output>
          </reporter-output>
        </test-method> <!-- prepareFileTest -->
      </class> <!-- FileCheckerTest -->
      <class name="ReaderTest">
        <test-method status="PASS" signature="readAllTest()[pri:0, instance:ReaderTest@7b277da2]" name="readAllTest" duration-ms="4" depends-on-groups="checker" started-at="2015-05-05T05:48:56Z" finished-at="2015-05-05T05:48:56Z">
          <reporter-output>
          </reporter-output>
        </test-method> <!-- readAllTest -->
      </class> <!-- ReaderTest -->
    </test> <!-- Command line test -->
  </suite> <!-- Command line suite -->
</testng-results>
