<?xml version="1.0" encoding="UTF-8"?>
<testng-results skipped="0" failed="0" total="1" passed="1">
  <reporter-output>
  </reporter-output>
  <suite name="TestOne" duration-ms="30" started-at="2015-04-22T20:46:16Z" finished-at="2015-04-22T20:46:16Z">
    <groups>
    </groups>
    <test name="Command line test" duration-ms="30" started-at="2015-04-22T20:46:16Z" finished-at="2015-04-22T20:46:16Z">
      <class name="TestOne">
        <test-method status="PASS" signature="metOne()[pri:0, instance:TestOne@f72e77]" name="metOne" duration-ms="13" started-at="2015-04-22T17:46:16Z" finished-at="2015-04-22T17:46:16Z">
          <reporter-output>
          </reporter-output>
        </test-method> <!-- metOne -->
      </class> <!-- TestOne -->
    </test> <!-- Command line test -->
  </suite> <!-- TestOne -->
</testng-results>
