<?xml version="1.0" encoding="UTF-8"?>
<testng-results skipped="0" failed="0" total="5" passed="5">
  <reporter-output>
  </reporter-output>
  <suite name="Command line suite" duration-ms="19" started-at="2015-04-23T14:19:56Z" finished-at="2015-04-23T14:19:56Z">
    <groups>
    </groups>
    <test name="Command line test" duration-ms="19" started-at="2015-04-23T14:19:56Z" finished-at="2015-04-23T14:19:56Z">
      <class name="ServicesTest">
        <test-method status="PASS" signature="fifthTest()[pri:0, instance:ServicesTest@3467f45e]" name="fifthTest" duration-ms="7" started-at="2015-04-23T11:19:56Z" finished-at="2015-04-23T11:19:56Z">
          <reporter-output>
          </reporter-output>
        </test-method> <!-- fifthTest -->
        <test-method status="PASS" signature="firstTest()[pri:0, instance:ServicesTest@3467f45e]" name="firstTest" duration-ms="1" started-at="2015-04-23T11:19:56Z" finished-at="2015-04-23T11:19:56Z">
          <reporter-output>
          </reporter-output>
        </test-method> <!-- firstTest -->
        <test-method status="PASS" signature="fourthTest()[pri:0, instance:ServicesTest@3467f45e]" name="fourthTest" duration-ms="1" started-at="2015-04-23T11:19:56Z" finished-at="2015-04-23T11:19:56Z">
          <reporter-output>
          </reporter-output>
        </test-method> <!-- fourthTest -->
        <test-method status="PASS" signature="secondtTest()[pri:0, instance:ServicesTest@3467f45e]" name="secondtTest" duration-ms="1" started-at="2015-04-23T11:19:56Z" finished-at="2015-04-23T11:19:56Z">
          <reporter-output>
          </reporter-output>
        </test-method> <!-- secondtTest -->
        <test-method status="PASS" signature="thirdTest()[pri:0, instance:ServicesTest@3467f45e]" name="thirdTest" duration-ms="0" started-at="2015-04-23T11:19:56Z" finished-at="2015-04-23T11:19:56Z">
          <reporter-output>
          </reporter-output>
        </test-method> <!-- thirdTest -->
      </class> <!-- ServicesTest -->
    </test> <!-- Command line test -->
  </suite> <!-- Command line suite -->
</testng-results>
