<?xml version="1.0" encoding="UTF-8"?>
<testng-results skipped="0" failed="4" total="11" passed="7">
  <reporter-output>
  </reporter-output>
  <suite name="Command line suite" duration-ms="48" started-at="2015-04-27T09:32:47Z" finished-at="2015-04-27T09:32:47Z">
    <groups>
    </groups>
    <test name="Command line test" duration-ms="48" started-at="2015-04-27T09:32:47Z" finished-at="2015-04-27T09:32:47Z">
      <class name="FinderTest">
        <test-method status="PASS" signature="findByDescTypeTest(java.util.ArrayList)[pri:0, instance:FinderTest@566fbd76]" name="findByDescTypeTest" duration-ms="0" started-at="2015-04-27T06:32:47Z" data-provider="findByData" finished-at="2015-04-27T06:32:47Z">
          <params>
            <param index="0">
              <value>
                <![CDATA[[com.epam.cdp.byta2015.tourist.model.Shopping@2afe6d5f, com.epam.cdp.byta2015.tourist.model.Shopping@25be8e06, com.epam.cdp.byta2015.tourist.model.Cruise@15e3f46, com.epam.cdp.byta2015.tourist.model.Cruise@528c0d5d, com.epam.cdp.byta2015.tourist.model.Excursion@68c17f01, com.epam.cdp.byta2015.tourist.model.Excursion@77795061]]]>
              </value>
            </param>
          </params>
          <reporter-output>
          </reporter-output>
        </test-method> <!-- findByDescTypeTest -->
        <test-method status="PASS" signature="findByFoodTest(java.util.ArrayList)[pri:0, instance:FinderTest@566fbd76]" name="findByFoodTest" duration-ms="0" started-at="2015-04-27T06:32:47Z" data-provider="findByData" depends-on-methods="FinderTest.findByDescTypeTest" finished-at="2015-04-27T06:32:47Z">
          <params>
            <param index="0">
              <value>
                <![CDATA[[com.epam.cdp.byta2015.tourist.model.Shopping@3d8c4d8e, com.epam.cdp.byta2015.tourist.model.Shopping@4637c533, com.epam.cdp.byta2015.tourist.model.Cruise@7773bb48, com.epam.cdp.byta2015.tourist.model.Cruise@4f0cb13c, com.epam.cdp.byta2015.tourist.model.Excursion@4a4802af, com.epam.cdp.byta2015.tourist.model.Excursion@3da85542]]]>
              </value>
            </param>
          </params>
          <reporter-output>
          </reporter-output>
        </test-method> <!-- findByFoodTest -->
        <test-method status="PASS" signature="findByTransportTest(java.util.ArrayList)[pri:0, instance:FinderTest@566fbd76]" name="findByTransportTest" duration-ms="0" started-at="2015-04-27T06:32:47Z" data-provider="findByData" depends-on-methods="FinderTest.findByFoodTest" finished-at="2015-04-27T06:32:47Z">
          <params>
            <param index="0">
              <value>
                <![CDATA[[com.epam.cdp.byta2015.tourist.model.Shopping@71846ce0, com.epam.cdp.byta2015.tourist.model.Shopping@2d082059, com.epam.cdp.byta2015.tourist.model.Cruise@7083ca27, com.epam.cdp.byta2015.tourist.model.Cruise@5c4d0026, com.epam.cdp.byta2015.tourist.model.Excursion@4344ee21, com.epam.cdp.byta2015.tourist.model.Excursion@626ddb07]]]>
              </value>
            </param>
          </params>
          <reporter-output>
          </reporter-output>
        </test-method> <!-- findByTransportTest -->
        <test-method status="PASS" signature="findByPriceTest(java.util.ArrayList)[pri:0, instance:FinderTest@566fbd76]" name="findByPriceTest" duration-ms="0" started-at="2015-04-27T06:32:47Z" data-provider="findByData" depends-on-methods="FinderTest.findByTransportTest" finished-at="2015-04-27T06:32:47Z">
          <params>
            <param index="0">
              <value>
                <![CDATA[[com.epam.cdp.byta2015.tourist.model.Shopping@31e956bd, com.epam.cdp.byta2015.tourist.model.Shopping@4e3dabe4, com.epam.cdp.byta2015.tourist.model.Cruise@32e02ddd, com.epam.cdp.byta2015.tourist.model.Cruise@1be32243, com.epam.cdp.byta2015.tourist.model.Excursion@5cde6b02, com.epam.cdp.byta2015.tourist.model.Excursion@e437ff0]]]>
              </value>
            </param>
          </params>
          <reporter-output>
          </reporter-output>
        </test-method> <!-- findByPriceTest -->
        <test-method status="PASS" signature="findByPriceExceptionTest(java.util.ArrayList)[pri:0, instance:FinderTest@566fbd76]" name="findByPriceExceptionTest" duration-ms="0" started-at="2015-04-27T06:32:47Z" data-provider="findByData" depends-on-methods="FinderTest.findByPriceTest" finished-at="2015-04-27T06:32:47Z">
          <params>
            <param index="0">
              <value>
                <![CDATA[[com.epam.cdp.byta2015.tourist.model.Shopping@76757fad, com.epam.cdp.byta2015.tourist.model.Shopping@1c11739d, com.epam.cdp.byta2015.tourist.model.Cruise@3dbd56d0, com.epam.cdp.byta2015.tourist.model.Cruise@598e915a, com.epam.cdp.byta2015.tourist.model.Excursion@1ee8d9a5, com.epam.cdp.byta2015.tourist.model.Excursion@4928ef7d]]]>
              </value>
            </param>
          </params>
          <exception class="com.epam.cdp.byta2015.tourist.exceptions.FindByPriceException">
            <message>
              <![CDATA[[FindByTypeException]: There are not records with price ='777'!]]>
            </message>
            <full-stacktrace>
              <![CDATA[com.epam.cdp.byta2015.tourist.exceptions.FindByPriceException: [FindByTypeException]: There are not records with price ='777'!
	at com.epam.cdp.byta2015.tourist.services.Finder.findByPrice(Finder.java:124)
	at FinderTest.findByPriceExceptionTest(FinderTest.java:89)
	at sun.reflect.NativeMethodAccessorImpl.invoke0(Native Method)
	at sun.reflect.NativeMethodAccessorImpl.invoke(NativeMethodAccessorImpl.java:57)
	at sun.reflect.DelegatingMethodAccessorImpl.invoke(DelegatingMethodAccessorImpl.java:43)
	at java.lang.reflect.Method.invoke(Method.java:606)
	at org.testng.internal.MethodInvocationHelper.invokeMethod(MethodInvocationHelper.java:85)
	at org.testng.internal.Invoker.invokeMethod(Invoker.java:696)
	at org.testng.internal.Invoker.invokeTestMethod(Invoker.java:882)
	at org.testng.internal.Invoker.invokeTestMethods(Invoker.java:1189)
	at org.testng.internal.TestMethodWorker.invokeTestMethods(TestMethodWorker.java:124)
	at org.testng.internal.TestMethodWorker.run(TestMethodWorker.java:108)
	at org.testng.TestRunner.privateRun(TestRunner.java:767)
	at org.testng.TestRunner.run(TestRunner.java:617)
	at org.testng.SuiteRunner.runTest(SuiteRunner.java:348)
	at org.testng.SuiteRunner.runSequentially(SuiteRunner.java:343)
	at org.testng.SuiteRunner.privateRun(SuiteRunner.java:305)
	at org.testng.SuiteRunner.run(SuiteRunner.java:254)
	at org.testng.SuiteRunnerWorker.runSuite(SuiteRunnerWorker.java:52)
	at org.testng.SuiteRunnerWorker.run(SuiteRunnerWorker.java:86)
	at org.testng.TestNG.runSuitesSequentially(TestNG.java:1224)
	at org.testng.TestNG.runSuitesLocally(TestNG.java:1149)
	at org.testng.TestNG.run(TestNG.java:1057)
	at org.apache.maven.surefire.testng.TestNGExecutor.run(TestNGExecutor.java:70)
	at org.apache.maven.surefire.testng.TestNGDirectoryTestSuite.executeMulti(TestNGDirectoryTestSuite.java:158)
	at org.apache.maven.surefire.testng.TestNGDirectoryTestSuite.execute(TestNGDirectoryTestSuite.java:98)
	at org.apache.maven.surefire.testng.TestNGProvider.invoke(TestNGProvider.java:111)
	at sun.reflect.NativeMethodAccessorImpl.invoke0(Native Method)
	at sun.reflect.NativeMethodAccessorImpl.invoke(NativeMethodAccessorImpl.java:57)
	at sun.reflect.DelegatingMethodAccessorImpl.invoke(DelegatingMethodAccessorImpl.java:43)
	at java.lang.reflect.Method.invoke(Method.java:606)
	at org.apache.maven.surefire.util.ReflectionUtils.invokeMethodWithArray(ReflectionUtils.java:164)
	at org.apache.maven.surefire.booter.ProviderFactory$ProviderProxy.invoke(ProviderFactory.java:110)
	at org.apache.maven.surefire.booter.SurefireStarter.invokeProvider(SurefireStarter.java:175)
	at org.apache.maven.surefire.booter.SurefireStarter.runSuitesInProcessWhenForked(SurefireStarter.java:107)
	at org.apache.maven.surefire.booter.ForkedBooter.main(ForkedBooter.java:68)
]]>
            </full-stacktrace>
          </exception> <!-- com.epam.cdp.byta2015.tourist.exceptions.FindByPriceException -->
          <reporter-output>
          </reporter-output>
        </test-method> <!-- findByPriceExceptionTest -->
      </class> <!-- FinderTest -->
      <class name="SorterTest">
        <test-method status="FAIL" signature="sortByPriceTest()[pri:0, instance:SorterTest@1c466919]" name="sortByPriceTest" duration-ms="4" started-at="2015-04-27T06:32:47Z" finished-at="2015-04-27T06:32:47Z">
          <exception class="java.lang.NullPointerException">
            <full-stacktrace>
              <![CDATA[java.lang.NullPointerException
	at com.epam.cdp.byta2015.tourist.services.Sorter.sort(Sorter.java:12)
	at SorterTest.sortByPriceTest(SorterTest.java:104)
	at sun.reflect.NativeMethodAccessorImpl.invoke0(Native Method)
	at sun.reflect.NativeMethodAccessorImpl.invoke(NativeMethodAccessorImpl.java:57)
	at sun.reflect.DelegatingMethodAccessorImpl.invoke(DelegatingMethodAccessorImpl.java:43)
	at java.lang.reflect.Method.invoke(Method.java:606)
	at org.testng.internal.MethodInvocationHelper.invokeMethod(MethodInvocationHelper.java:85)
	at org.testng.internal.Invoker.invokeMethod(Invoker.java:696)
	at org.testng.internal.Invoker.invokeTestMethod(Invoker.java:882)
	at org.testng.internal.Invoker.invokeTestMethods(Invoker.java:1189)
	at org.testng.internal.TestMethodWorker.invokeTestMethods(TestMethodWorker.java:124)
	at org.testng.internal.TestMethodWorker.run(TestMethodWorker.java:108)
	at org.testng.TestRunner.privateRun(TestRunner.java:767)
	at org.testng.TestRunner.run(TestRunner.java:617)
	at org.testng.SuiteRunner.runTest(SuiteRunner.java:348)
	at org.testng.SuiteRunner.runSequentially(SuiteRunner.java:343)
	at org.testng.SuiteRunner.privateRun(SuiteRunner.java:305)
	at org.testng.SuiteRunner.run(SuiteRunner.java:254)
	at org.testng.SuiteRunnerWorker.runSuite(SuiteRunnerWorker.java:52)
	at org.testng.SuiteRunnerWorker.run(SuiteRunnerWorker.java:86)
	at org.testng.TestNG.runSuitesSequentially(TestNG.java:1224)
	at org.testng.TestNG.runSuitesLocally(TestNG.java:1149)
	at org.testng.TestNG.run(TestNG.java:1057)
	at org.apache.maven.surefire.testng.TestNGExecutor.run(TestNGExecutor.java:70)
	at org.apache.maven.surefire.testng.TestNGDirectoryTestSuite.executeMulti(TestNGDirectoryTestSuite.java:158)
	at org.apache.maven.surefire.testng.TestNGDirectoryTestSuite.execute(TestNGDirectoryTestSuite.java:98)
	at org.apache.maven.surefire.testng.TestNGProvider.invoke(TestNGProvider.java:111)
	at sun.reflect.NativeMethodAccessorImpl.invoke0(Native Method)
	at sun.reflect.NativeMethodAccessorImpl.invoke(NativeMethodAccessorImpl.java:57)
	at sun.reflect.DelegatingMethodAccessorImpl.invoke(DelegatingMethodAccessorImpl.java:43)
	at java.lang.reflect.Method.invoke(Method.java:606)
	at org.apache.maven.surefire.util.ReflectionUtils.invokeMethodWithArray(ReflectionUtils.java:164)
	at org.apache.maven.surefire.booter.ProviderFactory$ProviderProxy.invoke(ProviderFactory.java:110)
	at org.apache.maven.surefire.booter.SurefireStarter.invokeProvider(SurefireStarter.java:175)
	at org.apache.maven.surefire.booter.SurefireStarter.runSuitesInProcessWhenForked(SurefireStarter.java:107)
	at org.apache.maven.surefire.booter.ForkedBooter.main(ForkedBooter.java:68)
]]>
            </full-stacktrace>
          </exception> <!-- java.lang.NullPointerException -->
          <reporter-output>
          </reporter-output>
        </test-method> <!-- sortByPriceTest -->
        <test-method status="FAIL" signature="sortByTransportTest()[pri:0, instance:SorterTest@1c466919]" name="sortByTransportTest" duration-ms="0" started-at="2015-04-27T06:32:47Z" finished-at="2015-04-27T06:32:47Z">
          <exception class="java.lang.NullPointerException">
            <full-stacktrace>
              <![CDATA[java.lang.NullPointerException
	at com.epam.cdp.byta2015.tourist.services.Sorter.sort(Sorter.java:12)
	at SorterTest.sortByTransportTest(SorterTest.java:93)
	at sun.reflect.NativeMethodAccessorImpl.invoke0(Native Method)
	at sun.reflect.NativeMethodAccessorImpl.invoke(NativeMethodAccessorImpl.java:57)
	at sun.reflect.DelegatingMethodAccessorImpl.invoke(DelegatingMethodAccessorImpl.java:43)
	at java.lang.reflect.Method.invoke(Method.java:606)
	at org.testng.internal.MethodInvocationHelper.invokeMethod(MethodInvocationHelper.java:85)
	at org.testng.internal.Invoker.invokeMethod(Invoker.java:696)
	at org.testng.internal.Invoker.invokeTestMethod(Invoker.java:882)
	at org.testng.internal.Invoker.invokeTestMethods(Invoker.java:1189)
	at org.testng.internal.TestMethodWorker.invokeTestMethods(TestMethodWorker.java:124)
	at org.testng.internal.TestMethodWorker.run(TestMethodWorker.java:108)
	at org.testng.TestRunner.privateRun(TestRunner.java:767)
	at org.testng.TestRunner.run(TestRunner.java:617)
	at org.testng.SuiteRunner.runTest(SuiteRunner.java:348)
	at org.testng.SuiteRunner.runSequentially(SuiteRunner.java:343)
	at org.testng.SuiteRunner.privateRun(SuiteRunner.java:305)
	at org.testng.SuiteRunner.run(SuiteRunner.java:254)
	at org.testng.SuiteRunnerWorker.runSuite(SuiteRunnerWorker.java:52)
	at org.testng.SuiteRunnerWorker.run(SuiteRunnerWorker.java:86)
	at org.testng.TestNG.runSuitesSequentially(TestNG.java:1224)
	at org.testng.TestNG.runSuitesLocally(TestNG.java:1149)
	at org.testng.TestNG.run(TestNG.java:1057)
	at org.apache.maven.surefire.testng.TestNGExecutor.run(TestNGExecutor.java:70)
	at org.apache.maven.surefire.testng.TestNGDirectoryTestSuite.executeMulti(TestNGDirectoryTestSuite.java:158)
	at org.apache.maven.surefire.testng.TestNGDirectoryTestSuite.execute(TestNGDirectoryTestSuite.java:98)
	at org.apache.maven.surefire.testng.TestNGProvider.invoke(TestNGProvider.java:111)
	at sun.reflect.NativeMethodAccessorImpl.invoke0(Native Method)
	at sun.reflect.NativeMethodAccessorImpl.invoke(NativeMethodAccessorImpl.java:57)
	at sun.reflect.DelegatingMethodAccessorImpl.invoke(DelegatingMethodAccessorImpl.java:43)
	at java.lang.reflect.Method.invoke(Method.java:606)
	at org.apache.maven.surefire.util.ReflectionUtils.invokeMethodWithArray(ReflectionUtils.java:164)
	at org.apache.maven.surefire.booter.ProviderFactory$ProviderProxy.invoke(ProviderFactory.java:110)
	at org.apache.maven.surefire.booter.SurefireStarter.invokeProvider(SurefireStarter.java:175)
	at org.apache.maven.surefire.booter.SurefireStarter.runSuitesInProcessWhenForked(SurefireStarter.java:107)
	at org.apache.maven.surefire.booter.ForkedBooter.main(ForkedBooter.java:68)
]]>
            </full-stacktrace>
          </exception> <!-- java.lang.NullPointerException -->
          <reporter-output>
          </reporter-output>
        </test-method> <!-- sortByTransportTest -->
        <test-method status="FAIL" signature="sortByDescTypeTest()[pri:0, instance:SorterTest@1c466919]" name="sortByDescTypeTest" duration-ms="0" started-at="2015-04-27T06:32:47Z" finished-at="2015-04-27T06:32:47Z">
          <exception class="java.lang.NullPointerException">
            <full-stacktrace>
              <![CDATA[java.lang.NullPointerException
	at com.epam.cdp.byta2015.tourist.services.Sorter.sort(Sorter.java:12)
	at SorterTest.sortByDescTypeTest(SorterTest.java:71)
	at sun.reflect.NativeMethodAccessorImpl.invoke0(Native Method)
	at sun.reflect.NativeMethodAccessorImpl.invoke(NativeMethodAccessorImpl.java:57)
	at sun.reflect.DelegatingMethodAccessorImpl.invoke(DelegatingMethodAccessorImpl.java:43)
	at java.lang.reflect.Method.invoke(Method.java:606)
	at org.testng.internal.MethodInvocationHelper.invokeMethod(MethodInvocationHelper.java:85)
	at org.testng.internal.Invoker.invokeMethod(Invoker.java:696)
	at org.testng.internal.Invoker.invokeTestMethod(Invoker.java:882)
	at org.testng.internal.Invoker.invokeTestMethods(Invoker.java:1189)
	at org.testng.internal.TestMethodWorker.invokeTestMethods(TestMethodWorker.java:124)
	at org.testng.internal.TestMethodWorker.run(TestMethodWorker.java:108)
	at org.testng.TestRunner.privateRun(TestRunner.java:767)
	at org.testng.TestRunner.run(TestRunner.java:617)
	at org.testng.SuiteRunner.runTest(SuiteRunner.java:348)
	at org.testng.SuiteRunner.runSequentially(SuiteRunner.java:343)
	at org.testng.SuiteRunner.privateRun(SuiteRunner.java:305)
	at org.testng.SuiteRunner.run(SuiteRunner.java:254)
	at org.testng.SuiteRunnerWorker.runSuite(SuiteRunnerWorker.java:52)
	at org.testng.SuiteRunnerWorker.run(SuiteRunnerWorker.java:86)
	at org.testng.TestNG.runSuitesSequentially(TestNG.java:1224)
	at org.testng.TestNG.runSuitesLocally(TestNG.java:1149)
	at org.testng.TestNG.run(TestNG.java:1057)
	at org.apache.maven.surefire.testng.TestNGExecutor.run(TestNGExecutor.java:70)
	at org.apache.maven.surefire.testng.TestNGDirectoryTestSuite.executeMulti(TestNGDirectoryTestSuite.java:158)
	at org.apache.maven.surefire.testng.TestNGDirectoryTestSuite.execute(TestNGDirectoryTestSuite.java:98)
	at org.apache.maven.surefire.testng.TestNGProvider.invoke(TestNGProvider.java:111)
	at sun.reflect.NativeMethodAccessorImpl.invoke0(Native Method)
	at sun.reflect.NativeMethodAccessorImpl.invoke(NativeMethodAccessorImpl.java:57)
	at sun.reflect.DelegatingMethodAccessorImpl.invoke(DelegatingMethodAccessorImpl.java:43)
	at java.lang.reflect.Method.invoke(Method.java:606)
	at org.apache.maven.surefire.util.ReflectionUtils.invokeMethodWithArray(ReflectionUtils.java:164)
	at org.apache.maven.surefire.booter.ProviderFactory$ProviderProxy.invoke(ProviderFactory.java:110)
	at org.apache.maven.surefire.booter.SurefireStarter.invokeProvider(SurefireStarter.java:175)
	at org.apache.maven.surefire.booter.SurefireStarter.runSuitesInProcessWhenForked(SurefireStarter.java:107)
	at org.apache.maven.surefire.booter.ForkedBooter.main(ForkedBooter.java:68)
]]>
            </full-stacktrace>
          </exception> <!-- java.lang.NullPointerException -->
          <reporter-output>
          </reporter-output>
        </test-method> <!-- sortByDescTypeTest -->
        <test-method status="FAIL" signature="sortByFoodTest()[pri:0, instance:SorterTest@1c466919]" name="sortByFoodTest" duration-ms="0" started-at="2015-04-27T06:32:47Z" finished-at="2015-04-27T06:32:47Z">
          <exception class="java.lang.NullPointerException">
            <full-stacktrace>
              <![CDATA[java.lang.NullPointerException
	at com.epam.cdp.byta2015.tourist.services.Sorter.sort(Sorter.java:12)
	at SorterTest.sortByFoodTest(SorterTest.java:82)
	at sun.reflect.NativeMethodAccessorImpl.invoke0(Native Method)
	at sun.reflect.NativeMethodAccessorImpl.invoke(NativeMethodAccessorImpl.java:57)
	at sun.reflect.DelegatingMethodAccessorImpl.invoke(DelegatingMethodAccessorImpl.java:43)
	at java.lang.reflect.Method.invoke(Method.java:606)
	at org.testng.internal.MethodInvocationHelper.invokeMethod(MethodInvocationHelper.java:85)
	at org.testng.internal.Invoker.invokeMethod(Invoker.java:696)
	at org.testng.internal.Invoker.invokeTestMethod(Invoker.java:882)
	at org.testng.internal.Invoker.invokeTestMethods(Invoker.java:1189)
	at org.testng.internal.TestMethodWorker.invokeTestMethods(TestMethodWorker.java:124)
	at org.testng.internal.TestMethodWorker.run(TestMethodWorker.java:108)
	at org.testng.TestRunner.privateRun(TestRunner.java:767)
	at org.testng.TestRunner.run(TestRunner.java:617)
	at org.testng.SuiteRunner.runTest(SuiteRunner.java:348)
	at org.testng.SuiteRunner.runSequentially(SuiteRunner.java:343)
	at org.testng.SuiteRunner.privateRun(SuiteRunner.java:305)
	at org.testng.SuiteRunner.run(SuiteRunner.java:254)
	at org.testng.SuiteRunnerWorker.runSuite(SuiteRunnerWorker.java:52)
	at org.testng.SuiteRunnerWorker.run(SuiteRunnerWorker.java:86)
	at org.testng.TestNG.runSuitesSequentially(TestNG.java:1224)
	at org.testng.TestNG.runSuitesLocally(TestNG.java:1149)
	at org.testng.TestNG.run(TestNG.java:1057)
	at org.apache.maven.surefire.testng.TestNGExecutor.run(TestNGExecutor.java:70)
	at org.apache.maven.surefire.testng.TestNGDirectoryTestSuite.executeMulti(TestNGDirectoryTestSuite.java:158)
	at org.apache.maven.surefire.testng.TestNGDirectoryTestSuite.execute(TestNGDirectoryTestSuite.java:98)
	at org.apache.maven.surefire.testng.TestNGProvider.invoke(TestNGProvider.java:111)
	at sun.reflect.NativeMethodAccessorImpl.invoke0(Native Method)
	at sun.reflect.NativeMethodAccessorImpl.invoke(NativeMethodAccessorImpl.java:57)
	at sun.reflect.DelegatingMethodAccessorImpl.invoke(DelegatingMethodAccessorImpl.java:43)
	at java.lang.reflect.Method.invoke(Method.java:606)
	at org.apache.maven.surefire.util.ReflectionUtils.invokeMethodWithArray(ReflectionUtils.java:164)
	at org.apache.maven.surefire.booter.ProviderFactory$ProviderProxy.invoke(ProviderFactory.java:110)
	at org.apache.maven.surefire.booter.SurefireStarter.invokeProvider(SurefireStarter.java:175)
	at org.apache.maven.surefire.booter.SurefireStarter.runSuitesInProcessWhenForked(SurefireStarter.java:107)
	at org.apache.maven.surefire.booter.ForkedBooter.main(ForkedBooter.java:68)
]]>
            </full-stacktrace>
          </exception> <!-- java.lang.NullPointerException -->
          <reporter-output>
          </reporter-output>
        </test-method> <!-- sortByFoodTest -->
      </class> <!-- SorterTest -->
      <class name="FileCheckerTest">
        <test-method status="PASS" signature="checkFileTest()[pri:0, instance:FileCheckerTest@6ce25f8a]" name="checkFileTest" duration-ms="10" started-at="2015-04-27T06:32:47Z" finished-at="2015-04-27T06:32:47Z">
          <reporter-output>
          </reporter-output>
        </test-method> <!-- checkFileTest -->
      </class> <!-- FileCheckerTest -->
      <class name="ReaderTest">
        <test-method status="PASS" signature="readAllTest()[pri:0, instance:ReaderTest@291bfe83]" name="readAllTest" duration-ms="2" started-at="2015-04-27T06:32:47Z" finished-at="2015-04-27T06:32:47Z">
          <reporter-output>
          </reporter-output>
        </test-method> <!-- readAllTest -->
      </class> <!-- ReaderTest -->
    </test> <!-- Command line test -->
  </suite> <!-- Command line suite -->
</testng-results>
